2023-09-12 19:11:06,136.message_producer.INFO ==================================================
2023-09-12 19:11:06,136.message_producer.INFO Today is 2023-09-12 at 07:11 PM
2023-09-12 19:11:06,136.message_producer.INFO Running on: posix Darwin 22.5.0
2023-09-12 19:11:06,136.message_producer.INFO Python version:  3.11.2
2023-09-12 19:11:06,136.message_producer.INFO Python path: /Users/macbeth/Documents/Streaming Data/Module 4/streaming-04-bonus-harvey/.venv
2023-09-12 19:11:06,136.message_producer.INFO Working dir: /Users/macbeth/Documents/Streaming Data/Module 4/streaming-04-bonus-harvey
2023-09-12 19:11:06,136.message_producer.INFO ==================================================
2023-09-12 19:11:06,146.message_producer.INFO  [x] Sent Japan to country_queue
2023-09-12 19:11:06,146.message_producer.INFO [x] Sent 3.75 to stars_queue
2023-09-12 19:11:09,153.message_producer.INFO  [x] Sent Taiwan to country_queue
2023-09-12 19:11:09,153.message_producer.INFO [x] Sent 1 to stars_queue
2023-09-12 19:11:12,159.message_producer.INFO  [x] Sent USA to country_queue
2023-09-12 19:11:12,159.message_producer.INFO [x] Sent 2.25 to stars_queue
2023-09-12 19:11:15,165.message_producer.INFO  [x] Sent Taiwan to country_queue
2023-09-12 19:11:15,166.message_producer.INFO [x] Sent 2.75 to stars_queue
2023-09-12 19:11:18,172.message_producer.INFO  [x] Sent India to country_queue
2023-09-12 19:11:18,173.message_producer.INFO [x] Sent 3.75 to stars_queue
2023-09-12 19:11:21,179.message_producer.INFO  [x] Sent South Korea to country_queue
2023-09-12 19:11:21,180.message_producer.INFO [x] Sent 4.75 to stars_queue
2023-09-12 19:11:24,184.message_producer.INFO  [x] Sent Japan to country_queue
2023-09-12 19:11:24,184.message_producer.INFO [x] Sent 4 to stars_queue
2023-09-12 19:11:27,191.message_producer.INFO  [x] Sent Japan to country_queue
2023-09-12 19:11:27,191.message_producer.INFO [x] Sent 3.75 to stars_queue
2023-09-12 19:11:30,195.message_producer.INFO  [x] Sent Japan to country_queue
2023-09-12 19:11:30,195.message_producer.INFO [x] Sent 0.25 to stars_queue
2023-09-12 19:11:33,199.message_producer.INFO  [x] Sent Singapore to country_queue
2023-09-12 19:11:33,200.message_producer.INFO [x] Sent 2.5 to stars_queue
2023-09-12 19:11:36,204.message_producer.INFO  [x] Sent Thailand to country_queue
2023-09-12 19:11:36,205.message_producer.INFO [x] Sent 5 to stars_queue
